2024-06-13T23:04:58.952Z [32minfo[39m: Server is running on port: 3000
2024-06-13T23:07:35.795Z [32minfo[39m: Server is running on port: 3000
2024-06-13T23:29:48.554Z [32minfo[39m: Server is running on port: 3000
2024-06-14T05:02:15.188Z [32minfo[39m: Server is running on port: 3000
2024-06-14T05:02:53.389Z [32minfo[39m: Server is running on port: 3000
2024-06-14T05:12:53.752Z [32minfo[39m: Server is running on port: 3000
2024-06-14T05:14:06.848Z [32minfo[39m: Server is running on port: 3000
2024-06-14T05:15:18.569Z [32minfo[39m: Server is running on port: 3000
2024-06-14T05:15:23.726Z [32minfo[39m: Server is running on port: 3000
2024-06-14T05:19:08.246Z [32minfo[39m: Server is running on port: 3000
2024-06-14T05:19:18.767Z [32minfo[39m: Server is running on port: 3000
2024-06-14T05:20:38.867Z [32minfo[39m: Server is running on port: 3000
2024-06-14T05:22:30.496Z [32minfo[39m: Server is running on port: 3000
2024-06-14T05:34:21.790Z [32minfo[39m: Server is running on port: 3000
2024-06-14T05:35:05.058Z [32minfo[39m: Server is running on port: 3000
2024-06-14T05:35:47.604Z [32minfo[39m: Server is running on port: 3000
2024-06-14T05:39:43.507Z [32minfo[39m: Server is running on port: 3000
2024-06-14T05:47:53.289Z [32minfo[39m: Server is running on port: 3000
2024-06-14T05:50:00.118Z [32minfo[39m: Server is running on port: 3000
2024-06-14T05:58:42.598Z [32minfo[39m: Server is running on port: 3000
2024-06-14T05:59:00.816Z [32minfo[39m: Server is running on port: 3000
2024-06-14T05:59:20.686Z [32minfo[39m: Server is running on port: 3000
2024-06-14T06:29:17.343Z [32minfo[39m: Server is running on port: 3000
2024-06-14T06:32:35.001Z [32minfo[39m: Server is running on port: 3000
2024-06-14T06:33:40.865Z [32minfo[39m: Server is running on port: 3000
2024-06-14T06:34:37.637Z [32minfo[39m: Server is running on port: 3000
2024-06-14T06:36:01.807Z [32minfo[39m: Server is running on port: 3000
2024-06-14T06:36:28.507Z [32minfo[39m: Server is running on port: 3000
2024-06-14T06:37:02.864Z [32minfo[39m: Server is running on port: 3000
2024-06-14T06:37:46.194Z [32minfo[39m: Server is running on port: 3000
2024-06-14T06:38:23.556Z [32minfo[39m: Server is running on port: 3000
2024-06-14T06:38:34.785Z [32minfo[39m: Server is running on port: 3000
2024-06-14T06:40:56.663Z [32minfo[39m: Server is running on port: 3000
2024-06-14T06:41:43.575Z [32minfo[39m: Server is running on port: 3000
2024-06-14T06:41:55.403Z [32minfo[39m: Server is running on port: 3000
2024-06-14T06:45:58.882Z [32minfo[39m: Server is running on port: 3000
2024-06-14T06:46:57.566Z [32minfo[39m: Server is running on port: 3000
2024-06-14T06:51:04.839Z [32minfo[39m: Server is running on port: 3000
2024-06-14T06:52:10.122Z [32minfo[39m: Server is running on port: 3000
2024-06-14T06:52:18.300Z [32minfo[39m: Server is running on port: 3000
2024-06-14T06:52:42.714Z [32minfo[39m: Server is running on port: 3000
2024-06-14T06:54:23.350Z [32minfo[39m: Server is running on port: 3000
2024-06-14T07:00:48.029Z [32minfo[39m: Server is running on port: 3000
2024-06-14T07:01:28.325Z [32minfo[39m: Server is running on port: 3000
2024-06-14T07:02:39.681Z [32minfo[39m: Server is running on port: 3000
2024-06-14T07:03:12.500Z [32minfo[39m: Server is running on port: 3000
2024-06-14T14:13:07.268Z [32minfo[39m: Server is running on port: 3000
2024-06-14T14:13:07.446Z [31merror[39m: Error: The URL is required
    at validateInputs (C:\Users\Augusto\Documents\Proyectos\qr-generator\src\services\qrCodeService.js:132:11)
    at getQRCode (C:\Users\Augusto\Documents\Proyectos\qr-generator\src\controller\qrCodeController.js:21:5)
    at Layer.handle [as handle_request] (C:\Users\Augusto\Documents\Proyectos\qr-generator\node_modules\express\lib\router\layer.js:95:5)
    at next (C:\Users\Augusto\Documents\Proyectos\qr-generator\node_modules\express\lib\router\route.js:149:13)
    at Route.dispatch (C:\Users\Augusto\Documents\Proyectos\qr-generator\node_modules\express\lib\router\route.js:119:3)
    at Layer.handle [as handle_request] (C:\Users\Augusto\Documents\Proyectos\qr-generator\node_modules\express\lib\router\layer.js:95:5)
    at C:\Users\Augusto\Documents\Proyectos\qr-generator\node_modules\express\lib\router\index.js:284:15
    at Function.process_params (C:\Users\Augusto\Documents\Proyectos\qr-generator\node_modules\express\lib\router\index.js:346:12)
    at next (C:\Users\Augusto\Documents\Proyectos\qr-generator\node_modules\express\lib\router\index.js:280:10)
    at Function.handle (C:\Users\Augusto\Documents\Proyectos\qr-generator\node_modules\express\lib\router\index.js:175:3)
2024-06-14T14:16:22.267Z [32minfo[39m: Server is running on port: 3000
2024-06-14T14:16:55.152Z [32minfo[39m: Server is running on port: 3000
2024-06-14T14:16:58.094Z [32minfo[39m: Server is running on port: 3000
2024-06-14T14:17:10.245Z [32minfo[39m: Server is running on port: 3000
2024-06-14T14:17:11.445Z [31merror[39m: Error: The URL is required
    at validateInputs (C:\Users\Augusto\Documents\Proyectos\qr-generator\src\services\qrCodeService.js:132:11)
    at getQRCode (C:\Users\Augusto\Documents\Proyectos\qr-generator\src\controller\qrCodeController.js:21:5)
    at Layer.handle [as handle_request] (C:\Users\Augusto\Documents\Proyectos\qr-generator\node_modules\express\lib\router\layer.js:95:5)
    at next (C:\Users\Augusto\Documents\Proyectos\qr-generator\node_modules\express\lib\router\route.js:149:13)
    at Route.dispatch (C:\Users\Augusto\Documents\Proyectos\qr-generator\node_modules\express\lib\router\route.js:119:3)
    at Layer.handle [as handle_request] (C:\Users\Augusto\Documents\Proyectos\qr-generator\node_modules\express\lib\router\layer.js:95:5)
    at C:\Users\Augusto\Documents\Proyectos\qr-generator\node_modules\express\lib\router\index.js:284:15
    at Function.process_params (C:\Users\Augusto\Documents\Proyectos\qr-generator\node_modules\express\lib\router\index.js:346:12)
    at next (C:\Users\Augusto\Documents\Proyectos\qr-generator\node_modules\express\lib\router\index.js:280:10)
    at Function.handle (C:\Users\Augusto\Documents\Proyectos\qr-generator\node_modules\express\lib\router\index.js:175:3)
2024-06-14T14:17:51.365Z [31merror[39m: Error: The URL is required
    at validateInputs (C:\Users\Augusto\Documents\Proyectos\qr-generator\src\services\qrCodeService.js:132:11)
    at getQRCode (C:\Users\Augusto\Documents\Proyectos\qr-generator\src\controller\qrCodeController.js:21:5)
    at Layer.handle [as handle_request] (C:\Users\Augusto\Documents\Proyectos\qr-generator\node_modules\express\lib\router\layer.js:95:5)
    at next (C:\Users\Augusto\Documents\Proyectos\qr-generator\node_modules\express\lib\router\route.js:149:13)
    at Route.dispatch (C:\Users\Augusto\Documents\Proyectos\qr-generator\node_modules\express\lib\router\route.js:119:3)
    at Layer.handle [as handle_request] (C:\Users\Augusto\Documents\Proyectos\qr-generator\node_modules\express\lib\router\layer.js:95:5)
    at C:\Users\Augusto\Documents\Proyectos\qr-generator\node_modules\express\lib\router\index.js:284:15
    at Function.process_params (C:\Users\Augusto\Documents\Proyectos\qr-generator\node_modules\express\lib\router\index.js:346:12)
    at next (C:\Users\Augusto\Documents\Proyectos\qr-generator\node_modules\express\lib\router\index.js:280:10)
    at Function.handle (C:\Users\Augusto\Documents\Proyectos\qr-generator\node_modules\express\lib\router\index.js:175:3)
2024-06-14T14:18:43.899Z [32minfo[39m: Server is running on port: 3000
2024-06-14T14:18:46.434Z [31merror[39m: Error: The URL is required
    at validateInputs (C:\Users\Augusto\Documents\Proyectos\qr-generator\src\services\qrCodeService.js:132:11)
    at getQRCode (C:\Users\Augusto\Documents\Proyectos\qr-generator\src\controller\qrCodeController.js:21:5)
    at Layer.handle [as handle_request] (C:\Users\Augusto\Documents\Proyectos\qr-generator\node_modules\express\lib\router\layer.js:95:5)
    at next (C:\Users\Augusto\Documents\Proyectos\qr-generator\node_modules\express\lib\router\route.js:149:13)
    at Route.dispatch (C:\Users\Augusto\Documents\Proyectos\qr-generator\node_modules\express\lib\router\route.js:119:3)
    at Layer.handle [as handle_request] (C:\Users\Augusto\Documents\Proyectos\qr-generator\node_modules\express\lib\router\layer.js:95:5)
    at C:\Users\Augusto\Documents\Proyectos\qr-generator\node_modules\express\lib\router\index.js:284:15
    at Function.process_params (C:\Users\Augusto\Documents\Proyectos\qr-generator\node_modules\express\lib\router\index.js:346:12)
    at next (C:\Users\Augusto\Documents\Proyectos\qr-generator\node_modules\express\lib\router\index.js:280:10)
    at Function.handle (C:\Users\Augusto\Documents\Proyectos\qr-generator\node_modules\express\lib\router\index.js:175:3)
2024-06-14T14:19:39.327Z [32minfo[39m: Server is running on port: 3000
2024-06-14T14:19:40.250Z [31merror[39m: Error: The URL is required
    at validateInputs (C:\Users\Augusto\Documents\Proyectos\qr-generator\src\services\qrCodeService.js:132:11)
    at getQRCode (C:\Users\Augusto\Documents\Proyectos\qr-generator\src\controller\qrCodeController.js:21:5)
    at Layer.handle [as handle_request] (C:\Users\Augusto\Documents\Proyectos\qr-generator\node_modules\express\lib\router\layer.js:95:5)
    at next (C:\Users\Augusto\Documents\Proyectos\qr-generator\node_modules\express\lib\router\route.js:149:13)
    at Route.dispatch (C:\Users\Augusto\Documents\Proyectos\qr-generator\node_modules\express\lib\router\route.js:119:3)
    at Layer.handle [as handle_request] (C:\Users\Augusto\Documents\Proyectos\qr-generator\node_modules\express\lib\router\layer.js:95:5)
    at C:\Users\Augusto\Documents\Proyectos\qr-generator\node_modules\express\lib\router\index.js:284:15
    at Function.process_params (C:\Users\Augusto\Documents\Proyectos\qr-generator\node_modules\express\lib\router\index.js:346:12)
    at next (C:\Users\Augusto\Documents\Proyectos\qr-generator\node_modules\express\lib\router\index.js:280:10)
    at Function.handle (C:\Users\Augusto\Documents\Proyectos\qr-generator\node_modules\express\lib\router\index.js:175:3)
2024-06-14T14:21:19.126Z [32minfo[39m: Server is running on port: 3000
2024-06-14T14:21:36.445Z [32minfo[39m: Server is running on port: 3000
2024-06-14T14:22:11.292Z [31merror[39m: Error: The URL is required
    at validateInputs (C:\Users\Augusto\Documents\Proyectos\qr-generator\src\services\qrCodeService.js:132:11)
    at getQRCode (C:\Users\Augusto\Documents\Proyectos\qr-generator\src\controller\qrCodeController.js:21:5)
    at Layer.handle [as handle_request] (C:\Users\Augusto\Documents\Proyectos\qr-generator\node_modules\express\lib\router\layer.js:95:5)
    at next (C:\Users\Augusto\Documents\Proyectos\qr-generator\node_modules\express\lib\router\route.js:149:13)
    at Route.dispatch (C:\Users\Augusto\Documents\Proyectos\qr-generator\node_modules\express\lib\router\route.js:119:3)
    at Layer.handle [as handle_request] (C:\Users\Augusto\Documents\Proyectos\qr-generator\node_modules\express\lib\router\layer.js:95:5)
    at C:\Users\Augusto\Documents\Proyectos\qr-generator\node_modules\express\lib\router\index.js:284:15
    at Function.process_params (C:\Users\Augusto\Documents\Proyectos\qr-generator\node_modules\express\lib\router\index.js:346:12)
    at next (C:\Users\Augusto\Documents\Proyectos\qr-generator\node_modules\express\lib\router\index.js:280:10)
    at Function.handle (C:\Users\Augusto\Documents\Proyectos\qr-generator\node_modules\express\lib\router\index.js:175:3)
2024-06-14T14:22:13.762Z [31merror[39m: Error: The URL is required
    at validateInputs (C:\Users\Augusto\Documents\Proyectos\qr-generator\src\services\qrCodeService.js:132:11)
    at getQRCode (C:\Users\Augusto\Documents\Proyectos\qr-generator\src\controller\qrCodeController.js:21:5)
    at Layer.handle [as handle_request] (C:\Users\Augusto\Documents\Proyectos\qr-generator\node_modules\express\lib\router\layer.js:95:5)
    at next (C:\Users\Augusto\Documents\Proyectos\qr-generator\node_modules\express\lib\router\route.js:149:13)
    at Route.dispatch (C:\Users\Augusto\Documents\Proyectos\qr-generator\node_modules\express\lib\router\route.js:119:3)
    at Layer.handle [as handle_request] (C:\Users\Augusto\Documents\Proyectos\qr-generator\node_modules\express\lib\router\layer.js:95:5)
    at C:\Users\Augusto\Documents\Proyectos\qr-generator\node_modules\express\lib\router\index.js:284:15
    at Function.process_params (C:\Users\Augusto\Documents\Proyectos\qr-generator\node_modules\express\lib\router\index.js:346:12)
    at next (C:\Users\Augusto\Documents\Proyectos\qr-generator\node_modules\express\lib\router\index.js:280:10)
    at Function.handle (C:\Users\Augusto\Documents\Proyectos\qr-generator\node_modules\express\lib\router\index.js:175:3)
2024-06-14T14:22:22.736Z [32minfo[39m: Server is running on port: 3000
2024-06-14T14:22:22.880Z [31merror[39m: Error: The URL is required
    at validateInputs (C:\Users\Augusto\Documents\Proyectos\qr-generator\src\services\qrCodeService.js:132:11)
    at getQRCode (C:\Users\Augusto\Documents\Proyectos\qr-generator\src\controller\qrCodeController.js:21:5)
    at Layer.handle [as handle_request] (C:\Users\Augusto\Documents\Proyectos\qr-generator\node_modules\express\lib\router\layer.js:95:5)
    at next (C:\Users\Augusto\Documents\Proyectos\qr-generator\node_modules\express\lib\router\route.js:149:13)
    at Route.dispatch (C:\Users\Augusto\Documents\Proyectos\qr-generator\node_modules\express\lib\router\route.js:119:3)
    at Layer.handle [as handle_request] (C:\Users\Augusto\Documents\Proyectos\qr-generator\node_modules\express\lib\router\layer.js:95:5)
    at C:\Users\Augusto\Documents\Proyectos\qr-generator\node_modules\express\lib\router\index.js:284:15
    at Function.process_params (C:\Users\Augusto\Documents\Proyectos\qr-generator\node_modules\express\lib\router\index.js:346:12)
    at next (C:\Users\Augusto\Documents\Proyectos\qr-generator\node_modules\express\lib\router\index.js:280:10)
    at Function.handle (C:\Users\Augusto\Documents\Proyectos\qr-generator\node_modules\express\lib\router\index.js:175:3)
2024-06-14T14:22:35.230Z [31merror[39m: Error: The URL is required
    at validateInputs (C:\Users\Augusto\Documents\Proyectos\qr-generator\src\services\qrCodeService.js:132:11)
    at getQRCode (C:\Users\Augusto\Documents\Proyectos\qr-generator\src\controller\qrCodeController.js:21:5)
    at Layer.handle [as handle_request] (C:\Users\Augusto\Documents\Proyectos\qr-generator\node_modules\express\lib\router\layer.js:95:5)
    at next (C:\Users\Augusto\Documents\Proyectos\qr-generator\node_modules\express\lib\router\route.js:149:13)
    at Route.dispatch (C:\Users\Augusto\Documents\Proyectos\qr-generator\node_modules\express\lib\router\route.js:119:3)
    at Layer.handle [as handle_request] (C:\Users\Augusto\Documents\Proyectos\qr-generator\node_modules\express\lib\router\layer.js:95:5)
    at C:\Users\Augusto\Documents\Proyectos\qr-generator\node_modules\express\lib\router\index.js:284:15
    at Function.process_params (C:\Users\Augusto\Documents\Proyectos\qr-generator\node_modules\express\lib\router\index.js:346:12)
    at next (C:\Users\Augusto\Documents\Proyectos\qr-generator\node_modules\express\lib\router\index.js:280:10)
    at Function.handle (C:\Users\Augusto\Documents\Proyectos\qr-generator\node_modules\express\lib\router\index.js:175:3)
2024-06-14T14:29:07.106Z [32minfo[39m: Server is running on port: 3000
2024-06-14T14:30:37.581Z [32minfo[39m: Server is running on port: 3000
2024-06-14T14:31:37.841Z [32minfo[39m: Server is running on port: 3000
2024-06-14T14:33:03.345Z [32minfo[39m: Server is running on port: 3000
2024-06-14T14:34:37.665Z [32minfo[39m: Server is running on port: 3000
2024-06-14T14:35:27.126Z [32minfo[39m: Server is running on port: 3000
2024-06-14T14:35:58.461Z [32minfo[39m: Server is running on port: 3000
2024-06-14T14:39:27.453Z [32minfo[39m: Server is running on port: 3000
2024-06-14T14:39:30.387Z [31merror[39m: Error: The URL is required
    at validateInputs (C:\Users\Augusto\Documents\Proyectos\qr-generator\src\services\qrCodeService.js:95:11)
    at getQRCode (C:\Users\Augusto\Documents\Proyectos\qr-generator\src\controller\qrCodeController.js:21:5)
    at Layer.handle [as handle_request] (C:\Users\Augusto\Documents\Proyectos\qr-generator\node_modules\express\lib\router\layer.js:95:5)
    at next (C:\Users\Augusto\Documents\Proyectos\qr-generator\node_modules\express\lib\router\route.js:149:13)
    at Route.dispatch (C:\Users\Augusto\Documents\Proyectos\qr-generator\node_modules\express\lib\router\route.js:119:3)
    at Layer.handle [as handle_request] (C:\Users\Augusto\Documents\Proyectos\qr-generator\node_modules\express\lib\router\layer.js:95:5)
    at C:\Users\Augusto\Documents\Proyectos\qr-generator\node_modules\express\lib\router\index.js:284:15
    at Function.process_params (C:\Users\Augusto\Documents\Proyectos\qr-generator\node_modules\express\lib\router\index.js:346:12)
    at next (C:\Users\Augusto\Documents\Proyectos\qr-generator\node_modules\express\lib\router\index.js:280:10)
    at Function.handle (C:\Users\Augusto\Documents\Proyectos\qr-generator\node_modules\express\lib\router\index.js:175:3)
2024-06-14T15:08:55.615Z [32minfo[39m: QR code generated successfully for: https://example.com
2024-06-14T15:08:57.012Z [31merror[39m: Error: The URL is required
    at validateInputs (C:\Users\Augusto\Documents\Proyectos\qr-generator\src\services\qrCodeService.js:98:11)
    at getQRCode (C:\Users\Augusto\Documents\Proyectos\qr-generator\src\controller\qrCodeController.js:22:5)
    at Layer.handle [as handle_request] (C:\Users\Augusto\Documents\Proyectos\qr-generator\node_modules\express\lib\router\layer.js:95:5)
    at next (C:\Users\Augusto\Documents\Proyectos\qr-generator\node_modules\express\lib\router\route.js:149:13)
    at Route.dispatch (C:\Users\Augusto\Documents\Proyectos\qr-generator\node_modules\express\lib\router\route.js:119:3)
    at Layer.handle [as handle_request] (C:\Users\Augusto\Documents\Proyectos\qr-generator\node_modules\express\lib\router\layer.js:95:5)
    at C:\Users\Augusto\Documents\Proyectos\qr-generator\node_modules\express\lib\router\index.js:284:15
    at Function.process_params (C:\Users\Augusto\Documents\Proyectos\qr-generator\node_modules\express\lib\router\index.js:346:12)
    at next (C:\Users\Augusto\Documents\Proyectos\qr-generator\node_modules\express\lib\router\index.js:280:10)
    at Function.handle (C:\Users\Augusto\Documents\Proyectos\qr-generator\node_modules\express\lib\router\index.js:175:3)
2024-06-14T15:50:43.745Z [32minfo[39m: QR code generated successfully for: https://youtube.com
2024-06-14T15:51:14.230Z [32minfo[39m: QR code generated successfully for: https://youtube.com
2024-06-14T15:51:23.823Z [32minfo[39m: QR code generated successfully for: https://youtube.com
2024-06-14T15:54:32.575Z [32minfo[39m: QR code generated successfully for: https://youtube.com
2024-06-14T15:54:42.179Z [32minfo[39m: QR code generated successfully for: https://youtube.com
2024-06-14T15:54:52.123Z [32minfo[39m: QR code generated successfully for: https://youtube.com
2024-06-14T15:55:06.988Z [32minfo[39m: QR code generated successfully for: https://youtube.com
